{"/home/stercoris/github/wrong-door-api/src/database.ts": {"path":"/home/stercoris/github/wrong-door-api/src/database.ts","statementMap":{"0":{"start":{"line":1,"column":0},"end":{"line":1,"column":42}},"1":{"start":{"line":2,"column":0},"end":{"line":2,"column":32}},"2":{"start":{"line":4,"column":0},"end":{"line":4,"column":9}},"3":{"start":{"line":13,"column":31},"end":{"line":18,"column":10}},"4":{"start":{"line":20,"column":8},"end":{"line":20,"column":37}},"5":{"start":{"line":24,"column":8},"end":{"line":24,"column":65}},"6":{"start":{"line":26,"column":8},"end":{"line":26,"column":59}},"7":{"start":{"line":27,"column":8},"end":{"line":27,"column":59}},"8":{"start":{"line":29,"column":8},"end":{"line":29,"column":65}},"9":{"start":{"line":33,"column":8},"end":{"line":36,"column":null}},"10":{"start":{"line":34,"column":12},"end":{"line":34,"column":61}},"11":{"start":{"line":35,"column":12},"end":{"line":35,"column":54}},"12":{"start":{"line":40,"column":8},"end":{"line":40,"column":42}},"13":{"start":{"line":44,"column":8},"end":{"line":44,"column":37}},"14":{"start":{"line":45,"column":8},"end":{"line":49,"column":null}},"15":{"start":{"line":46,"column":12},"end":{"line":46,"column":36}},"16":{"start":{"line":48,"column":12},"end":{"line":48,"column":22}},"17":{"start":{"line":6,"column":0},"end":{"line":6,"column":13}},"18":{"start":{"line":53,"column":39},"end":{"line":53,"column":81}},"19":{"start":{"line":55,"column":9},"end":{"line":55,"column":21}}},"fnMap":{"0":{"name":"(anonymous_1)","decl":{"start":{"line":12,"column":4},"end":{"line":12,"column":16}},"loc":{"start":{"line":12,"column":30},"end":{"line":21,"column":5}}},"1":{"name":"(anonymous_2)","decl":{"start":{"line":23,"column":12},"end":{"line":23,"column":19}},"loc":{"start":{"line":23,"column":39},"end":{"line":30,"column":5}}},"2":{"name":"(anonymous_3)","decl":{"start":{"line":32,"column":12},"end":{"line":32,"column":21}},"loc":{"start":{"line":32,"column":37},"end":{"line":37,"column":5}}},"3":{"name":"(anonymous_4)","decl":{"start":{"line":39,"column":12},"end":{"line":39,"column":27}},"loc":{"start":{"line":39,"column":27},"end":{"line":41,"column":5}}},"4":{"name":"(anonymous_5)","decl":{"start":{"line":43,"column":12},"end":{"line":43,"column":23}},"loc":{"start":{"line":43,"column":39},"end":{"line":50,"column":5}}}},"branchMap":{"0":{"loc":{"start":{"line":33,"column":8},"end":{"line":36,"column":null}},"type":"if","locations":[{"start":{"line":33,"column":8},"end":{"line":36,"column":null}},{"start":{"line":33,"column":8},"end":{"line":36,"column":null}}]},"1":{"loc":{"start":{"line":45,"column":8},"end":{"line":49,"column":null}},"type":"if","locations":[{"start":{"line":45,"column":8},"end":{"line":49,"column":null}},{"start":{"line":45,"column":8},"end":{"line":49,"column":null}}]}},"s":{"0":4,"1":4,"2":4,"3":4,"4":4,"5":4,"6":4,"7":4,"8":4,"9":1,"10":1,"11":1,"12":5,"13":0,"14":0,"15":0,"16":0,"17":4,"18":4,"19":4},"f":{"0":4,"1":4,"2":1,"3":5,"4":0},"b":{"0":[1,0],"1":[0,0]}}
,"/home/stercoris/github/wrong-door-api/src/DataBase/json_interface.ts": {"path":"/home/stercoris/github/wrong-door-api/src/DataBase/json_interface.ts","statementMap":{"0":{"start":{"line":4,"column":8},"end":{"line":4,"column":34}},"1":{"start":{"line":8,"column":8},"end":{"line":10,"column":null}},"2":{"start":{"line":9,"column":12},"end":{"line":9,"column":null}},"3":{"start":{"line":9,"column":38},"end":{"line":9,"column":51}},"4":{"start":{"line":11,"column":8},"end":{"line":11,"column":20}},"5":{"start":{"line":2,"column":0},"end":{"line":2,"column":21}}},"fnMap":{"0":{"name":"(anonymous_0)","decl":{"start":{"line":3,"column":4},"end":{"line":3,"column":16}},"loc":{"start":{"line":3,"column":25},"end":{"line":5,"column":5}}},"1":{"name":"(anonymous_1)","decl":{"start":{"line":7,"column":4},"end":{"line":7,"column":10}},"loc":{"start":{"line":7,"column":10},"end":{"line":12,"column":5}}}},"branchMap":{"0":{"loc":{"start":{"line":3,"column":23},"end":{"line":3,"column":25}},"type":"default-arg","locations":[{"start":{"line":3,"column":23},"end":{"line":3,"column":25}}]},"1":{"loc":{"start":{"line":9,"column":12},"end":{"line":9,"column":null}},"type":"if","locations":[{"start":{"line":9,"column":12},"end":{"line":9,"column":null}},{"start":{"line":9,"column":12},"end":{"line":9,"column":null}}]}},"s":{"0":2,"1":1,"2":2,"3":0,"4":1,"5":4},"f":{"0":2,"1":1},"b":{"0":[2],"1":[0,2]}}
,"/home/stercoris/github/wrong-door-api/src/DataBase/chat/chat_db.ts": {"path":"/home/stercoris/github/wrong-door-api/src/DataBase/chat/chat_db.ts","statementMap":{"0":{"start":{"line":1,"column":0},"end":{"line":1,"column":46}},"1":{"start":{"line":2,"column":0},"end":{"line":2,"column":39}},"2":{"start":{"line":9,"column":32},"end":{"line":9,"column":34}},"3":{"start":{"line":10,"column":8},"end":{"line":22,"column":11}},"4":{"start":{"line":11,"column":12},"end":{"line":21,"column":19}},"5":{"start":{"line":14,"column":20},"end":{"line":19,"column":23}},"6":{"start":{"line":15,"column":40},"end":{"line":15,"column":53}},"7":{"start":{"line":16,"column":24},"end":{"line":16,"column":54}},"8":{"start":{"line":17,"column":24},"end":{"line":17,"column":56}},"9":{"start":{"line":18,"column":24},"end":{"line":18,"column":43}},"10":{"start":{"line":20,"column":20},"end":{"line":20,"column":34}},"11":{"start":{"line":31,"column":8},"end":{"line":37,"column":11}},"12":{"start":{"line":32,"column":12},"end":{"line":35,"column":14}},"13":{"start":{"line":36,"column":12},"end":{"line":36,"column":26}},"14":{"start":{"line":4,"column":0},"end":{"line":4,"column":21}}},"fnMap":{"0":{"name":"(anonymous_1)","decl":{"start":{"line":8,"column":4},"end":{"line":8,"column":10}},"loc":{"start":{"line":8,"column":20},"end":{"line":23,"column":5}}},"1":{"name":"(anonymous_2)","decl":{"start":{"line":10,"column":27},"end":{"line":10,"column":28}},"loc":{"start":{"line":10,"column":39},"end":{"line":22,"column":9}}},"2":{"name":"(anonymous_3)","decl":{"start":{"line":12,"column":16},"end":{"line":12,"column":17}},"loc":{"start":{"line":12,"column":28},"end":{"line":21,"column":17}}},"3":{"name":"(anonymous_4)","decl":{"start":{"line":14,"column":33},"end":{"line":14,"column":34}},"loc":{"start":{"line":14,"column":46},"end":{"line":19,"column":21}}},"4":{"name":"(anonymous_5)","decl":{"start":{"line":30,"column":4},"end":{"line":30,"column":10}},"loc":{"start":{"line":30,"column":37},"end":{"line":38,"column":5}}},"5":{"name":"(anonymous_6)","decl":{"start":{"line":31,"column":27},"end":{"line":31,"column":28}},"loc":{"start":{"line":31,"column":39},"end":{"line":37,"column":9}}}},"branchMap":{},"s":{"0":1,"1":1,"2":1,"3":1,"4":1,"5":0,"6":0,"7":0,"8":0,"9":0,"10":0,"11":1,"12":1,"13":1,"14":1},"f":{"0":1,"1":1,"2":0,"3":0,"4":1,"5":1},"b":{}}
,"/home/stercoris/github/wrong-door-api/src/DataBase/chat/chat_interface.ts": {"path":"/home/stercoris/github/wrong-door-api/src/DataBase/chat/chat_interface.ts","statementMap":{"0":{"start":{"line":1,"column":0},"end":{"line":1,"column":47}},"1":{"start":{"line":3,"column":0},"end":{"line":3,"column":21}}},"fnMap":{},"branchMap":{},"s":{"0":1,"1":1},"f":{},"b":{}}
,"/home/stercoris/github/wrong-door-api/src/DataBase/commands/command_db.ts": {"path":"/home/stercoris/github/wrong-door-api/src/DataBase/commands/command_db.ts","statementMap":{"0":{"start":{"line":1,"column":0},"end":{"line":1,"column":46}},"1":{"start":{"line":2,"column":0},"end":{"line":2,"column":42}},"2":{"start":{"line":9,"column":34},"end":{"line":9,"column":36}},"3":{"start":{"line":10,"column":8},"end":{"line":23,"column":11}},"4":{"start":{"line":11,"column":12},"end":{"line":22,"column":19}},"5":{"start":{"line":14,"column":20},"end":{"line":20,"column":23}},"6":{"start":{"line":15,"column":40},"end":{"line":15,"column":53}},"7":{"start":{"line":16,"column":24},"end":{"line":16,"column":54}},"8":{"start":{"line":17,"column":24},"end":{"line":17,"column":48}},"9":{"start":{"line":18,"column":24},"end":{"line":18,"column":44}},"10":{"start":{"line":19,"column":24},"end":{"line":19,"column":45}},"11":{"start":{"line":21,"column":20},"end":{"line":21,"column":36}},"12":{"start":{"line":32,"column":8},"end":{"line":38,"column":11}},"13":{"start":{"line":33,"column":12},"end":{"line":36,"column":14}},"14":{"start":{"line":37,"column":12},"end":{"line":37,"column":26}},"15":{"start":{"line":47,"column":8},"end":{"line":50,"column":11}},"16":{"start":{"line":48,"column":12},"end":{"line":48,"column":87}},"17":{"start":{"line":49,"column":12},"end":{"line":49,"column":26}},"18":{"start":{"line":4,"column":0},"end":{"line":4,"column":21}}},"fnMap":{"0":{"name":"(anonymous_1)","decl":{"start":{"line":8,"column":11},"end":{"line":8,"column":17}},"loc":{"start":{"line":8,"column":27},"end":{"line":24,"column":5}}},"1":{"name":"(anonymous_2)","decl":{"start":{"line":10,"column":27},"end":{"line":10,"column":28}},"loc":{"start":{"line":10,"column":39},"end":{"line":23,"column":9}}},"2":{"name":"(anonymous_3)","decl":{"start":{"line":12,"column":16},"end":{"line":12,"column":17}},"loc":{"start":{"line":12,"column":28},"end":{"line":22,"column":17}}},"3":{"name":"(anonymous_4)","decl":{"start":{"line":14,"column":33},"end":{"line":14,"column":34}},"loc":{"start":{"line":14,"column":46},"end":{"line":20,"column":21}}},"4":{"name":"(anonymous_5)","decl":{"start":{"line":31,"column":11},"end":{"line":31,"column":17}},"loc":{"start":{"line":31,"column":44},"end":{"line":39,"column":5}}},"5":{"name":"(anonymous_6)","decl":{"start":{"line":32,"column":27},"end":{"line":32,"column":28}},"loc":{"start":{"line":32,"column":39},"end":{"line":38,"column":9}}},"6":{"name":"(anonymous_7)","decl":{"start":{"line":46,"column":11},"end":{"line":46,"column":17}},"loc":{"start":{"line":46,"column":41},"end":{"line":51,"column":5}}},"7":{"name":"(anonymous_8)","decl":{"start":{"line":47,"column":27},"end":{"line":47,"column":28}},"loc":{"start":{"line":47,"column":39},"end":{"line":50,"column":9}}}},"branchMap":{},"s":{"0":1,"1":1,"2":1,"3":1,"4":1,"5":0,"6":0,"7":0,"8":0,"9":0,"10":0,"11":0,"12":0,"13":0,"14":0,"15":0,"16":0,"17":0,"18":1},"f":{"0":1,"1":1,"2":0,"3":0,"4":0,"5":0,"6":0,"7":0},"b":{}}
,"/home/stercoris/github/wrong-door-api/src/DataBase/commands/command_interface.ts": {"path":"/home/stercoris/github/wrong-door-api/src/DataBase/commands/command_interface.ts","statementMap":{"0":{"start":{"line":1,"column":0},"end":{"line":1,"column":47}},"1":{"start":{"line":12,"column":8},"end":{"line":12,"column":71}},"2":{"start":{"line":12,"column":57},"end":{"line":12,"column":71}},"3":{"start":{"line":13,"column":8},"end":{"line":13,"column":23}},"4":{"start":{"line":17,"column":0},"end":{"line":17,"column":23}}},"fnMap":{"0":{"name":"(anonymous_1)","decl":{"start":{"line":11,"column":4},"end":{"line":11,"column":10}},"loc":{"start":{"line":11,"column":10},"end":{"line":14,"column":5}}}},"branchMap":{"0":{"loc":{"start":{"line":12,"column":8},"end":{"line":12,"column":71}},"type":"if","locations":[{"start":{"line":12,"column":8},"end":{"line":12,"column":71}},{"start":{"line":12,"column":8},"end":{"line":12,"column":71}}]},"1":{"loc":{"start":{"line":12,"column":12},"end":{"line":12,"column":33}},"type":"binary-expr","locations":[{"start":{"line":12,"column":12},"end":{"line":12,"column":33}},{"start":{"line":12,"column":37},"end":{"line":12,"column":55}}]}},"s":{"0":1,"1":0,"2":0,"3":0,"4":1},"f":{"0":0},"b":{"0":[0,0],"1":[0,0]}}
,"/home/stercoris/github/wrong-door-api/src/DataBase/output/output_db.ts": {"path":"/home/stercoris/github/wrong-door-api/src/DataBase/output/output_db.ts","statementMap":{"0":{"start":{"line":1,"column":0},"end":{"line":1,"column":46}},"1":{"start":{"line":2,"column":0},"end":{"line":2,"column":41}},"2":{"start":{"line":9,"column":34},"end":{"line":9,"column":36}},"3":{"start":{"line":10,"column":8},"end":{"line":22,"column":11}},"4":{"start":{"line":11,"column":12},"end":{"line":21,"column":19}},"5":{"start":{"line":14,"column":20},"end":{"line":19,"column":23}},"6":{"start":{"line":15,"column":37},"end":{"line":15,"column":50}},"7":{"start":{"line":16,"column":24},"end":{"line":16,"column":51}},"8":{"start":{"line":17,"column":24},"end":{"line":17,"column":53}},"9":{"start":{"line":18,"column":24},"end":{"line":18,"column":42}},"10":{"start":{"line":20,"column":20},"end":{"line":20,"column":36}},"11":{"start":{"line":31,"column":8},"end":{"line":37,"column":11}},"12":{"start":{"line":32,"column":12},"end":{"line":35,"column":14}},"13":{"start":{"line":36,"column":12},"end":{"line":36,"column":26}},"14":{"start":{"line":4,"column":0},"end":{"line":4,"column":21}}},"fnMap":{"0":{"name":"(anonymous_1)","decl":{"start":{"line":8,"column":4},"end":{"line":8,"column":10}},"loc":{"start":{"line":8,"column":20},"end":{"line":23,"column":5}}},"1":{"name":"(anonymous_2)","decl":{"start":{"line":10,"column":27},"end":{"line":10,"column":28}},"loc":{"start":{"line":10,"column":39},"end":{"line":22,"column":9}}},"2":{"name":"(anonymous_3)","decl":{"start":{"line":12,"column":16},"end":{"line":12,"column":17}},"loc":{"start":{"line":12,"column":28},"end":{"line":21,"column":17}}},"3":{"name":"(anonymous_4)","decl":{"start":{"line":14,"column":33},"end":{"line":14,"column":34}},"loc":{"start":{"line":14,"column":46},"end":{"line":19,"column":21}}},"4":{"name":"(anonymous_5)","decl":{"start":{"line":30,"column":4},"end":{"line":30,"column":10}},"loc":{"start":{"line":30,"column":30},"end":{"line":38,"column":5}}},"5":{"name":"(anonymous_6)","decl":{"start":{"line":31,"column":27},"end":{"line":31,"column":28}},"loc":{"start":{"line":31,"column":39},"end":{"line":37,"column":9}}}},"branchMap":{},"s":{"0":1,"1":1,"2":1,"3":1,"4":1,"5":0,"6":0,"7":0,"8":0,"9":0,"10":0,"11":1,"12":1,"13":1,"14":1},"f":{"0":1,"1":1,"2":0,"3":0,"4":1,"5":1},"b":{}}
,"/home/stercoris/github/wrong-door-api/src/DataBase/output/output_interface.ts": {"path":"/home/stercoris/github/wrong-door-api/src/DataBase/output/output_interface.ts","statementMap":{"0":{"start":{"line":1,"column":0},"end":{"line":1,"column":47}},"1":{"start":{"line":9,"column":0},"end":{"line":9,"column":23}}},"fnMap":{},"branchMap":{},"s":{"0":1,"1":1},"f":{},"b":{}}
,"/home/stercoris/github/wrong-door-api/src/DataBase/users/user_db.ts": {"path":"/home/stercoris/github/wrong-door-api/src/DataBase/users/user_db.ts","statementMap":{"0":{"start":{"line":1,"column":0},"end":{"line":1,"column":32}},"1":{"start":{"line":2,"column":0},"end":{"line":2,"column":46}},"2":{"start":{"line":4,"column":0},"end":{"line":4,"column":36}},"3":{"start":{"line":6,"column":0},"end":{"line":6,"column":9}},"4":{"start":{"line":13,"column":30},"end":{"line":13,"column":32}},"5":{"start":{"line":14,"column":8},"end":{"line":28,"column":11}},"6":{"start":{"line":15,"column":12},"end":{"line":27,"column":19}},"7":{"start":{"line":18,"column":20},"end":{"line":25,"column":23}},"8":{"start":{"line":19,"column":37},"end":{"line":19,"column":47}},"9":{"start":{"line":20,"column":24},"end":{"line":20,"column":49}},"10":{"start":{"line":21,"column":24},"end":{"line":21,"column":55}},"11":{"start":{"line":22,"column":24},"end":{"line":22,"column":71}},"12":{"start":{"line":23,"column":24},"end":{"line":23,"column":49}},"13":{"start":{"line":24,"column":24},"end":{"line":24,"column":41}},"14":{"start":{"line":26,"column":20},"end":{"line":26,"column":35}},"15":{"start":{"line":37,"column":8},"end":{"line":45,"column":11}},"16":{"start":{"line":38,"column":12},"end":{"line":44,"column":null}},"17":{"start":{"line":39,"column":16},"end":{"line":39,"column":80}},"18":{"start":{"line":40,"column":19},"end":{"line":44,"column":null}},"19":{"start":{"line":41,"column":16},"end":{"line":41,"column":55}},"20":{"start":{"line":43,"column":16},"end":{"line":43,"column":36}},"21":{"start":{"line":56,"column":8},"end":{"line":71,"column":11}},"22":{"start":{"line":57,"column":12},"end":{"line":69,"column":19}},"23":{"start":{"line":60,"column":32},"end":{"line":60,"column":39}},"24":{"start":{"line":61,"column":20},"end":{"line":68,"column":null}},"25":{"start":{"line":62,"column":37},"end":{"line":62,"column":47}},"26":{"start":{"line":63,"column":24},"end":{"line":63,"column":49}},"27":{"start":{"line":64,"column":24},"end":{"line":64,"column":55}},"28":{"start":{"line":65,"column":24},"end":{"line":65,"column":71}},"29":{"start":{"line":66,"column":24},"end":{"line":66,"column":49}},"30":{"start":{"line":67,"column":24},"end":{"line":67,"column":38}},"31":{"start":{"line":70,"column":12},"end":{"line":70,"column":32}},"32":{"start":{"line":80,"column":8},"end":{"line":95,"column":11}},"33":{"start":{"line":81,"column":12},"end":{"line":93,"column":19}},"34":{"start":{"line":84,"column":32},"end":{"line":84,"column":39}},"35":{"start":{"line":85,"column":20},"end":{"line":92,"column":null}},"36":{"start":{"line":86,"column":37},"end":{"line":86,"column":47}},"37":{"start":{"line":87,"column":24},"end":{"line":87,"column":49}},"38":{"start":{"line":88,"column":24},"end":{"line":88,"column":55}},"39":{"start":{"line":89,"column":24},"end":{"line":89,"column":71}},"40":{"start":{"line":90,"column":24},"end":{"line":90,"column":49}},"41":{"start":{"line":91,"column":24},"end":{"line":91,"column":38}},"42":{"start":{"line":94,"column":12},"end":{"line":94,"column":32}},"43":{"start":{"line":8,"column":0},"end":{"line":8,"column":21}}},"fnMap":{"0":{"name":"(anonymous_1)","decl":{"start":{"line":12,"column":11},"end":{"line":12,"column":17}},"loc":{"start":{"line":12,"column":27},"end":{"line":29,"column":5}}},"1":{"name":"(anonymous_2)","decl":{"start":{"line":14,"column":27},"end":{"line":14,"column":28}},"loc":{"start":{"line":14,"column":39},"end":{"line":28,"column":9}}},"2":{"name":"(anonymous_3)","decl":{"start":{"line":16,"column":16},"end":{"line":16,"column":17}},"loc":{"start":{"line":16,"column":28},"end":{"line":27,"column":17}}},"3":{"name":"(anonymous_4)","decl":{"start":{"line":18,"column":33},"end":{"line":18,"column":34}},"loc":{"start":{"line":18,"column":46},"end":{"line":25,"column":21}}},"4":{"name":"(anonymous_5)","decl":{"start":{"line":36,"column":4},"end":{"line":36,"column":10}},"loc":{"start":{"line":36,"column":34},"end":{"line":46,"column":5}}},"5":{"name":"(anonymous_6)","decl":{"start":{"line":37,"column":27},"end":{"line":37,"column":28}},"loc":{"start":{"line":37,"column":39},"end":{"line":45,"column":9}}},"6":{"name":"(anonymous_7)","decl":{"start":{"line":55,"column":11},"end":{"line":55,"column":17}},"loc":{"start":{"line":55,"column":73},"end":{"line":72,"column":5}}},"7":{"name":"(anonymous_8)","decl":{"start":{"line":56,"column":27},"end":{"line":56,"column":28}},"loc":{"start":{"line":56,"column":39},"end":{"line":71,"column":9}}},"8":{"name":"(anonymous_9)","decl":{"start":{"line":59,"column":16},"end":{"line":59,"column":17}},"loc":{"start":{"line":59,"column":28},"end":{"line":69,"column":17}}},"9":{"name":"(anonymous_10)","decl":{"start":{"line":79,"column":11},"end":{"line":79,"column":17}},"loc":{"start":{"line":79,"column":44},"end":{"line":96,"column":5}}},"10":{"name":"(anonymous_11)","decl":{"start":{"line":80,"column":27},"end":{"line":80,"column":28}},"loc":{"start":{"line":80,"column":39},"end":{"line":95,"column":9}}},"11":{"name":"(anonymous_12)","decl":{"start":{"line":83,"column":16},"end":{"line":83,"column":17}},"loc":{"start":{"line":83,"column":28},"end":{"line":93,"column":17}}}},"branchMap":{"0":{"loc":{"start":{"line":38,"column":12},"end":{"line":44,"column":null}},"type":"if","locations":[{"start":{"line":38,"column":12},"end":{"line":44,"column":null}},{"start":{"line":38,"column":12},"end":{"line":44,"column":null}}]},"1":{"loc":{"start":{"line":40,"column":19},"end":{"line":44,"column":null}},"type":"if","locations":[{"start":{"line":40,"column":19},"end":{"line":44,"column":null}},{"start":{"line":40,"column":19},"end":{"line":44,"column":null}}]},"2":{"loc":{"start":{"line":61,"column":20},"end":{"line":68,"column":null}},"type":"if","locations":[{"start":{"line":61,"column":20},"end":{"line":68,"column":null}},{"start":{"line":61,"column":20},"end":{"line":68,"column":null}}]},"3":{"loc":{"start":{"line":85,"column":20},"end":{"line":92,"column":null}},"type":"if","locations":[{"start":{"line":85,"column":20},"end":{"line":92,"column":null}},{"start":{"line":85,"column":20},"end":{"line":92,"column":null}}]}},"s":{"0":1,"1":1,"2":1,"3":1,"4":3,"5":3,"6":3,"7":1,"8":0,"9":0,"10":0,"11":0,"12":0,"13":0,"14":0,"15":0,"16":0,"17":0,"18":0,"19":0,"20":0,"21":0,"22":0,"23":0,"24":0,"25":0,"26":0,"27":0,"28":0,"29":0,"30":0,"31":0,"32":0,"33":0,"34":0,"35":0,"36":0,"37":0,"38":0,"39":0,"40":0,"41":0,"42":0,"43":1},"f":{"0":3,"1":3,"2":1,"3":0,"4":0,"5":0,"6":0,"7":0,"8":0,"9":0,"10":0,"11":0},"b":{"0":[0,0],"1":[0,0],"2":[0,0],"3":[0,0]}}
,"/home/stercoris/github/wrong-door-api/src/DataBase/users/user_interface.ts": {"path":"/home/stercoris/github/wrong-door-api/src/DataBase/users/user_interface.ts","statementMap":{"0":{"start":{"line":1,"column":0},"end":{"line":1,"column":47}},"1":{"start":{"line":15,"column":4},"end":{"line":18,"column":7}},"2":{"start":{"line":16,"column":6},"end":{"line":17,"column":26}},"3":{"start":{"line":16,"column":60},"end":{"line":16,"column":74}},"4":{"start":{"line":17,"column":11},"end":{"line":17,"column":26}},"5":{"start":{"line":23,"column":4},"end":{"line":26,"column":7}},"6":{"start":{"line":24,"column":6},"end":{"line":25,"column":26}},"7":{"start":{"line":24,"column":32},"end":{"line":24,"column":46}},"8":{"start":{"line":25,"column":11},"end":{"line":25,"column":26}},"9":{"start":{"line":30,"column":0},"end":{"line":30,"column":20}}},"fnMap":{"0":{"name":"(anonymous_1)","decl":{"start":{"line":14,"column":9},"end":{"line":14,"column":20}},"loc":{"start":{"line":14,"column":20},"end":{"line":19,"column":3}}},"1":{"name":"(anonymous_2)","decl":{"start":{"line":15,"column":23},"end":{"line":15,"column":24}},"loc":{"start":{"line":15,"column":35},"end":{"line":18,"column":5}}},"2":{"name":"(anonymous_3)","decl":{"start":{"line":22,"column":9},"end":{"line":22,"column":19}},"loc":{"start":{"line":22,"column":19},"end":{"line":27,"column":3}}},"3":{"name":"(anonymous_4)","decl":{"start":{"line":23,"column":23},"end":{"line":23,"column":24}},"loc":{"start":{"line":23,"column":35},"end":{"line":26,"column":5}}}},"branchMap":{"0":{"loc":{"start":{"line":16,"column":6},"end":{"line":17,"column":26}},"type":"if","locations":[{"start":{"line":16,"column":6},"end":{"line":17,"column":26}},{"start":{"line":16,"column":6},"end":{"line":17,"column":26}}]},"1":{"loc":{"start":{"line":16,"column":10},"end":{"line":16,"column":32}},"type":"binary-expr","locations":[{"start":{"line":16,"column":10},"end":{"line":16,"column":32}},{"start":{"line":16,"column":36},"end":{"line":16,"column":58}}]},"2":{"loc":{"start":{"line":24,"column":6},"end":{"line":25,"column":26}},"type":"if","locations":[{"start":{"line":24,"column":6},"end":{"line":25,"column":26}},{"start":{"line":24,"column":6},"end":{"line":25,"column":26}}]}},"s":{"0":1,"1":0,"2":0,"3":0,"4":0,"5":0,"6":0,"7":0,"8":0,"9":1},"f":{"0":0,"1":0,"2":0,"3":0},"b":{"0":[0,0],"1":[0,0],"2":[0,0]}}
}
