TN:
SF:src/database.ts
FN:12,(anonymous_1)
FN:23,(anonymous_2)
FN:32,(anonymous_3)
FN:39,(anonymous_4)
FN:43,(anonymous_5)
FNF:5
FNH:4
FNDA:4,(anonymous_1)
FNDA:4,(anonymous_2)
FNDA:1,(anonymous_3)
FNDA:5,(anonymous_4)
FNDA:0,(anonymous_5)
DA:1,4
DA:2,4
DA:4,4
DA:6,4
DA:13,4
DA:20,4
DA:24,4
DA:26,4
DA:27,4
DA:29,4
DA:33,1
DA:34,1
DA:35,1
DA:40,5
DA:44,0
DA:45,0
DA:46,0
DA:48,0
DA:53,4
DA:55,4
LF:20
LH:16
BRDA:33,0,0,1
BRDA:33,0,1,0
BRDA:45,1,0,0
BRDA:45,1,1,0
BRF:4
BRH:1
end_of_record
TN:
SF:src/DataBase/json_interface.ts
FN:3,(anonymous_0)
FN:7,(anonymous_1)
FNF:2
FNH:2
FNDA:2,(anonymous_0)
FNDA:1,(anonymous_1)
DA:2,4
DA:4,2
DA:8,1
DA:9,2
DA:11,1
LF:5
LH:5
BRDA:3,0,0,2
BRDA:9,1,0,0
BRDA:9,1,1,2
BRF:3
BRH:2
end_of_record
TN:
SF:src/DataBase/chat/chat_db.ts
FN:8,(anonymous_1)
FN:10,(anonymous_2)
FN:12,(anonymous_3)
FN:14,(anonymous_4)
FN:30,(anonymous_5)
FN:31,(anonymous_6)
FNF:6
FNH:4
FNDA:1,(anonymous_1)
FNDA:1,(anonymous_2)
FNDA:0,(anonymous_3)
FNDA:0,(anonymous_4)
FNDA:1,(anonymous_5)
FNDA:1,(anonymous_6)
DA:1,1
DA:2,1
DA:4,1
DA:9,1
DA:10,1
DA:11,1
DA:14,0
DA:15,0
DA:16,0
DA:17,0
DA:18,0
DA:20,0
DA:31,1
DA:32,1
DA:36,1
LF:15
LH:9
BRF:0
BRH:0
end_of_record
TN:
SF:src/DataBase/chat/chat_interface.ts
FNF:0
FNH:0
DA:1,1
DA:3,1
LF:2
LH:2
BRF:0
BRH:0
end_of_record
TN:
SF:src/DataBase/commands/command_db.ts
FN:8,(anonymous_1)
FN:10,(anonymous_2)
FN:12,(anonymous_3)
FN:14,(anonymous_4)
FN:31,(anonymous_5)
FN:32,(anonymous_6)
FN:46,(anonymous_7)
FN:47,(anonymous_8)
FNF:8
FNH:2
FNDA:1,(anonymous_1)
FNDA:1,(anonymous_2)
FNDA:0,(anonymous_3)
FNDA:0,(anonymous_4)
FNDA:0,(anonymous_5)
FNDA:0,(anonymous_6)
FNDA:0,(anonymous_7)
FNDA:0,(anonymous_8)
DA:1,1
DA:2,1
DA:4,1
DA:9,1
DA:10,1
DA:11,1
DA:14,0
DA:15,0
DA:16,0
DA:17,0
DA:18,0
DA:19,0
DA:21,0
DA:32,0
DA:33,0
DA:37,0
DA:47,0
DA:48,0
DA:49,0
LF:19
LH:6
BRF:0
BRH:0
end_of_record
TN:
SF:src/DataBase/commands/command_interface.ts
FN:11,(anonymous_1)
FNF:1
FNH:0
FNDA:0,(anonymous_1)
DA:1,1
DA:12,0
DA:13,0
DA:17,1
LF:4
LH:2
BRDA:12,0,0,0
BRDA:12,0,1,0
BRDA:12,1,0,0
BRDA:12,1,1,0
BRF:4
BRH:0
end_of_record
TN:
SF:src/DataBase/output/output_db.ts
FN:8,(anonymous_1)
FN:10,(anonymous_2)
FN:12,(anonymous_3)
FN:14,(anonymous_4)
FN:30,(anonymous_5)
FN:31,(anonymous_6)
FNF:6
FNH:4
FNDA:1,(anonymous_1)
FNDA:1,(anonymous_2)
FNDA:0,(anonymous_3)
FNDA:0,(anonymous_4)
FNDA:1,(anonymous_5)
FNDA:1,(anonymous_6)
DA:1,1
DA:2,1
DA:4,1
DA:9,1
DA:10,1
DA:11,1
DA:14,0
DA:15,0
DA:16,0
DA:17,0
DA:18,0
DA:20,0
DA:31,1
DA:32,1
DA:36,1
LF:15
LH:9
BRF:0
BRH:0
end_of_record
TN:
SF:src/DataBase/output/output_interface.ts
FNF:0
FNH:0
DA:1,1
DA:9,1
LF:2
LH:2
BRF:0
BRH:0
end_of_record
TN:
SF:src/DataBase/users/user_db.ts
FN:12,(anonymous_1)
FN:14,(anonymous_2)
FN:16,(anonymous_3)
FN:18,(anonymous_4)
FN:36,(anonymous_5)
FN:37,(anonymous_6)
FN:55,(anonymous_7)
FN:56,(anonymous_8)
FN:59,(anonymous_9)
FN:79,(anonymous_10)
FN:80,(anonymous_11)
FN:83,(anonymous_12)
FNF:12
FNH:3
FNDA:3,(anonymous_1)
FNDA:3,(anonymous_2)
FNDA:1,(anonymous_3)
FNDA:0,(anonymous_4)
FNDA:0,(anonymous_5)
FNDA:0,(anonymous_6)
FNDA:0,(anonymous_7)
FNDA:0,(anonymous_8)
FNDA:0,(anonymous_9)
FNDA:0,(anonymous_10)
FNDA:0,(anonymous_11)
FNDA:0,(anonymous_12)
DA:1,1
DA:2,1
DA:4,1
DA:6,1
DA:8,1
DA:13,3
DA:14,3
DA:15,3
DA:18,1
DA:19,0
DA:20,0
DA:21,0
DA:22,0
DA:23,0
DA:24,0
DA:26,0
DA:37,0
DA:38,0
DA:39,0
DA:40,0
DA:41,0
DA:43,0
DA:56,0
DA:57,0
DA:60,0
DA:61,0
DA:62,0
DA:63,0
DA:64,0
DA:65,0
DA:66,0
DA:67,0
DA:70,0
DA:80,0
DA:81,0
DA:84,0
DA:85,0
DA:86,0
DA:87,0
DA:88,0
DA:89,0
DA:90,0
DA:91,0
DA:94,0
LF:44
LH:9
BRDA:38,0,0,0
BRDA:38,0,1,0
BRDA:40,1,0,0
BRDA:40,1,1,0
BRDA:61,2,0,0
BRDA:61,2,1,0
BRDA:85,3,0,0
BRDA:85,3,1,0
BRF:8
BRH:0
end_of_record
TN:
SF:src/DataBase/users/user_interface.ts
FN:14,(anonymous_1)
FN:15,(anonymous_2)
FN:22,(anonymous_3)
FN:23,(anonymous_4)
FNF:4
FNH:0
FNDA:0,(anonymous_1)
FNDA:0,(anonymous_2)
FNDA:0,(anonymous_3)
FNDA:0,(anonymous_4)
DA:1,1
DA:15,0
DA:16,0
DA:17,0
DA:23,0
DA:24,0
DA:25,0
DA:30,1
LF:8
LH:2
BRDA:16,0,0,0
BRDA:16,0,1,0
BRDA:16,1,0,0
BRDA:16,1,1,0
BRDA:24,2,0,0
BRDA:24,2,1,0
BRF:6
BRH:0
end_of_record
